\BOOKMARK [0][-]{chapter.1}{Kravspecifikation}{}% 1
\BOOKMARK [1][-]{section.1.1}{Indledning}{chapter.1}% 2
\BOOKMARK [1][-]{section.1.2}{Funktionelle krav}{chapter.1}% 3
\BOOKMARK [2][-]{subsection.1.2.1}{Akt\370r-kontekstdiagram}{section.1.2}% 4
\BOOKMARK [2][-]{subsection.1.2.2}{Akt\370rbeskrivelse}{section.1.2}% 5
\BOOKMARK [2][-]{subsection.1.2.3}{Use case-diagram}{section.1.2}% 6
\BOOKMARK [2][-]{subsection.1.2.4}{Use Cases}{section.1.2}% 7
\BOOKMARK [1][-]{section.1.3}{Ikke-funktionelle krav}{chapter.1}% 8
\BOOKMARK [2][-]{subsection.1.3.1}{Functionality}{section.1.3}% 9
\BOOKMARK [2][-]{subsection.1.3.2}{Usability}{section.1.3}% 10
\BOOKMARK [2][-]{subsection.1.3.3}{Reliability}{section.1.3}% 11
\BOOKMARK [2][-]{subsection.1.3.4}{Performance}{section.1.3}% 12
\BOOKMARK [2][-]{subsection.1.3.5}{Supportability}{section.1.3}% 13
\BOOKMARK [2][-]{subsection.1.3.6}{Andre\(+\)}{section.1.3}% 14
\BOOKMARK [0][-]{chapter.2}{Acceptest}{}% 15
\BOOKMARK [1][-]{section.2.1}{Accepttest af Use Cases}{chapter.2}% 16
\BOOKMARK [2][-]{subsection.2.1.1}{Use Case 1}{section.2.1}% 17
\BOOKMARK [2][-]{subsection.2.1.2}{Use Case 2}{section.2.1}% 18
\BOOKMARK [2][-]{subsection.2.1.3}{Use Case 3}{section.2.1}% 19
\BOOKMARK [2][-]{subsection.2.1.4}{Use Case 4}{section.2.1}% 20
\BOOKMARK [2][-]{subsection.2.1.5}{Use Case 5}{section.2.1}% 21
\BOOKMARK [2][-]{subsection.2.1.6}{Use Case 6}{section.2.1}% 22
\BOOKMARK [1][-]{section.2.2}{Accepttest af ikke-funktionelle krav}{chapter.2}% 23
