\BOOKMARK [0][-]{chapter*.1}{Logbog}{}% 1
\BOOKMARK [1][-]{section*.2}{Dato: 08-09-2015 }{chapter*.1}% 2
\BOOKMARK [1][-]{section*.3}{Dato: 21-09-2015 }{chapter*.1}% 3
<<<<<<< Updated upstream
\BOOKMARK [1][-]{section*.4}{Dato: 23-09-2015 }{chapter*.1}% 4
\BOOKMARK [1][-]{section*.5}{Dato: 29-09-2015 }{chapter*.1}% 5
\BOOKMARK [1][-]{section*.6}{Dato: 30-09-2015 }{chapter*.1}% 6
\BOOKMARK [1][-]{section*.7}{Dato: 01-10-2015 }{chapter*.1}% 7
\BOOKMARK [1][-]{section*.8}{Dato: 06-10-2015 }{chapter*.1}% 8
\BOOKMARK [1][-]{section*.9}{Dato: 08-10-2015 }{chapter*.1}% 9
\BOOKMARK [1][-]{section*.10}{Dato: 19-10-2015 }{chapter*.1}% 10
\BOOKMARK [1][-]{section*.11}{Dato: 20-10-2015 }{chapter*.1}% 11
\BOOKMARK [1][-]{section*.12}{Dato: 27-10-2015 }{chapter*.1}% 12
\BOOKMARK [1][-]{section*.13}{Dato: 28-10-2015 }{chapter*.1}% 13
\BOOKMARK [1][-]{section*.14}{Dato: 02-11-2015 }{chapter*.1}% 14
\BOOKMARK [1][-]{section*.15}{Dato: 04-11-2015 }{chapter*.1}% 15
\BOOKMARK [1][-]{section*.16}{Dato: 12-11-2015 }{chapter*.1}% 16
\BOOKMARK [1][-]{section*.17}{Dato: 17-11-2015 }{chapter*.1}% 17
\BOOKMARK [1][-]{section*.18}{Dato: 01-12-2015 }{chapter*.1}% 18
\BOOKMARK [1][-]{section*.19}{Dato: 02-12-2015 }{chapter*.1}% 19
\BOOKMARK [1][-]{section*.20}{Dato: 03-12-2015 }{chapter*.1}% 20
\BOOKMARK [1][-]{section*.21}{Dato: 07-12-2015 }{chapter*.1}% 21
\BOOKMARK [1][-]{section*.22}{Dato: 08-12-2015 }{chapter*.1}% 22
\BOOKMARK [1][-]{section*.23}{Dato: 09-12-2015 }{chapter*.1}% 23
\BOOKMARK [1][-]{section*.24}{Dato: 10-12-2015 }{chapter*.1}% 24
\BOOKMARK [1][-]{section*.25}{Dato: 11-12-2015 }{chapter*.1}% 25
\BOOKMARK [1][-]{section*.26}{Dato: 12-12-2015 }{chapter*.1}% 26
\BOOKMARK [1][-]{section*.27}{Dato: 13-12-2015 }{chapter*.1}% 27
\BOOKMARK [1][-]{section*.28}{Dato: 14-12-2015 }{chapter*.1}% 28
=======
\BOOKMARK [1][-]{section*.4}{Dato: 21-09-2015 }{chapter*.1}% 4
\BOOKMARK [1][-]{section*.5}{Dato: 23-09-2015 }{chapter*.1}% 5
\BOOKMARK [1][-]{section*.6}{Dato: 23-09-2015 }{chapter*.1}% 6
\BOOKMARK [1][-]{section*.7}{Dato: 29-09-2015 }{chapter*.1}% 7
\BOOKMARK [1][-]{section*.8}{Dato: 29-09-2015 }{chapter*.1}% 8
\BOOKMARK [1][-]{section*.9}{Dato: 30-09-2015 }{chapter*.1}% 9
\BOOKMARK [1][-]{section*.10}{Dato: 01-10-2015 }{chapter*.1}% 10
\BOOKMARK [1][-]{section*.11}{Dato: 06-10-2015 }{chapter*.1}% 11
\BOOKMARK [1][-]{section*.12}{Dato: 06-10-2015 }{chapter*.1}% 12
\BOOKMARK [1][-]{section*.13}{Dato: 08-10-2015 }{chapter*.1}% 13
\BOOKMARK [1][-]{section*.14}{Dato: 15-10-2015 }{chapter*.1}% 14
\BOOKMARK [1][-]{section*.15}{Dato: 19-10-2015 }{chapter*.1}% 15
\BOOKMARK [1][-]{section*.16}{Dato: 19-10-2015 }{chapter*.1}% 16
\BOOKMARK [1][-]{section*.17}{Dato: 19-10-2015 }{chapter*.1}% 17
\BOOKMARK [1][-]{section*.18}{Dato: 20-10-2015 }{chapter*.1}% 18
\BOOKMARK [1][-]{section*.19}{Dato: 20-10-2015 }{chapter*.1}% 19
\BOOKMARK [1][-]{section*.20}{Dato: 21-10-2015 }{chapter*.1}% 20
\BOOKMARK [1][-]{section*.21}{Dato: 26-10-2015 }{chapter*.1}% 21
\BOOKMARK [1][-]{section*.22}{Dato: 27-10-2015 }{chapter*.1}% 22
\BOOKMARK [1][-]{section*.23}{Dato: 02-11-2015 }{chapter*.1}% 23
\BOOKMARK [1][-]{section*.24}{Dato: 04-11-2015 }{chapter*.1}% 24
\BOOKMARK [1][-]{section*.25}{Dato: 04-11-2015 }{chapter*.1}% 25
\BOOKMARK [1][-]{section*.26}{Dato: 09-11-2015 }{chapter*.1}% 26
\BOOKMARK [1][-]{section*.27}{Dato: 12-11-2015 }{chapter*.1}% 27
\BOOKMARK [1][-]{section*.28}{Dato: 12-10-2015 }{chapter*.1}% 28
\BOOKMARK [1][-]{section*.29}{Dato: 17-11-2015 }{chapter*.1}% 29
\BOOKMARK [1][-]{section*.30}{Dato: 17-10-2015 }{chapter*.1}% 30
\BOOKMARK [1][-]{section*.31}{Dato: 01-12-2015 }{chapter*.1}% 31
\BOOKMARK [1][-]{section*.32}{Dato: 02-12-2015 }{chapter*.1}% 32
\BOOKMARK [1][-]{section*.33}{Dato: 01-12-2015 }{chapter*.1}% 33
\BOOKMARK [1][-]{section*.34}{Dato: 03-12-2015 }{chapter*.1}% 34
\BOOKMARK [1][-]{section*.35}{Dato: 03-12-2015 }{chapter*.1}% 35
\BOOKMARK [1][-]{section*.36}{Dato: 07-12-2015 }{chapter*.1}% 36
\BOOKMARK [1][-]{section*.37}{Dato: 07-12-2015 }{chapter*.1}% 37
\BOOKMARK [1][-]{section*.38}{Dato: 08-12-2015 }{chapter*.1}% 38
\BOOKMARK [1][-]{section*.39}{Dato: 09-12-2015 }{chapter*.1}% 39
\BOOKMARK [1][-]{section*.40}{Dato: 09-12-2015 }{chapter*.1}% 40
\BOOKMARK [1][-]{section*.41}{Dato: 10-12-2015 }{chapter*.1}% 41
\BOOKMARK [1][-]{section*.42}{Dato: 11-12-2015 }{chapter*.1}% 42
\BOOKMARK [1][-]{section*.43}{Dato: 12-12-2015 }{chapter*.1}% 43
\BOOKMARK [1][-]{section*.44}{Dato: 13-12-2015 }{chapter*.1}% 44
\BOOKMARK [1][-]{section*.45}{Dato: 14-12-2015 }{chapter*.1}% 45
\BOOKMARK [1][-]{section*.46}{Dato: 15-12-2015 }{chapter*.1}% 46
>>>>>>> Stashed changes
