\BOOKMARK [0][-]{chapter*.1}{Resum\351}{}% 1
\BOOKMARK [0][-]{chapter*.2}{Godkendelsesformular}{}% 2
\BOOKMARK [0][-]{chapter*.3}{Underskrifter}{}% 3
\BOOKMARK [0][-]{chapter*.4}{Ordliste}{}% 4
\BOOKMARK [0][-]{chapter.1}{Indledning}{}% 5
\BOOKMARK [0][-]{chapter.2}{Projektformulering}{}% 6
\BOOKMARK [0][-]{chapter.3}{Systembeskrivelse}{}% 7
\BOOKMARK [0][-]{chapter.4}{Krav}{}% 8
\BOOKMARK [0][-]{chapter.5}{Projektbeskrivelse}{}% 9
\BOOKMARK [1][-]{section.5.1}{Projektgennemf\370relse}{chapter.5}% 10
\BOOKMARK [1][-]{section.5.2}{Metode}{chapter.5}% 11
\BOOKMARK [1][-]{section.5.3}{Specifikation og analyse}{chapter.5}% 12
\BOOKMARK [1][-]{section.5.4}{Arkitektur}{chapter.5}% 13
\BOOKMARK [2][-]{subsection.5.4.1}{Design}{section.5.4}% 14
\BOOKMARK [2][-]{subsection.5.4.2}{Implementering og test af SW}{section.5.4}% 15
\BOOKMARK [2][-]{subsection.5.4.3}{Implementering og test af HW}{section.5.4}% 16
\BOOKMARK [1][-]{section.5.5}{Resultater og diskussion}{chapter.5}% 17
\BOOKMARK [1][-]{section.5.6}{Opn\345ede erfaringer}{chapter.5}% 18
\BOOKMARK [1][-]{section.5.7}{Fremtidigt arbejde}{chapter.5}% 19
\BOOKMARK [0][-]{chapter.6}{Konklusion}{}% 20
\BOOKMARK [0][-]{chapter*.5}{Litteratur}{}% 21
